<?xml version="1.0" encoding="UTF-8"?>
<testsuite xmlns:xsi="http://www.w3.org/2001/XMLSchema-instance" xsi:noNamespaceSchemaLocation="https://maven.apache.org/surefire/maven-surefire-plugin/xsd/surefire-test-report.xsd" version="3.0.2" name="bg.greencom.loyalty.web.LoyaltyControllerTest" time="2.791" tests="4" errors="0" skipped="0" failures="0">
  <properties>
[...]
</properties>
  <testcase name="redeem_returnsDiscount" classname="bg.greencom.loyalty.web.LoyaltyControllerTest" time="0.28">
    <system-out><![CDATA[00:20:15.560 [main] INFO org.springframework.test.context.support.AnnotationConfigContextLoaderUtils -- Could not detect default configuration classes for test class [bg.greencom.loyalty.web.LoyaltyControllerTest]: LoyaltyControllerTest does not declare any static, non-private, non-final, nested classes annotated with @Configuration.
00:20:15.705 [main] INFO org.springframework.boot.test.context.SpringBootTestContextBootstrapper -- Found @SpringBootConfiguration bg.greencom.loyalty.LoyaltyServiceApplication for test class bg.greencom.loyalty.web.LoyaltyControllerTest

  .   ____          _            __ _ _
 /\\ / ___'_ __ _ _(_)_ __  __ _ \ \ \ \
( ( )\___ | '_ | '_| | '_ \/ _` | \ \ \ \
 \\/  ___)| |_)| | | | | || (_| |  ) ) ) )
  '  |____| .__|_| |_|_| |_\__, | / / / /
 =========|_|==============|___/=/_/_/_/

 :: Spring Boot ::                (v3.4.1)

2026-06-18T00:20:16.111+03:00  INFO 4380 --- [loyalty-service] [           main] b.g.loyalty.web.LoyaltyControllerTest    : Starting LoyaltyControllerTest using Java 17.0.19 with PID 4380 (started by vhhri in C:\Users\vhhri\IdeaProjects\Greencom\loyalty-service)
2026-06-18T00:20:16.112+03:00  INFO 4380 --- [loyalty-service] [           main] b.g.loyalty.web.LoyaltyControllerTest    : No active profile set, falling back to 1 default profile: "default"
2026-06-18T00:20:17.840+03:00  INFO 4380 --- [loyalty-service] [           main] o.s.b.t.m.w.SpringBootMockServletContext : Initializing Spring TestDispatcherServlet ''
2026-06-18T00:20:17.841+03:00  INFO 4380 --- [loyalty-service] [           main] o.s.t.web.servlet.TestDispatcherServlet  : Initializing Servlet ''
2026-06-18T00:20:17.843+03:00  INFO 4380 --- [loyalty-service] [           main] o.s.t.web.servlet.TestDispatcherServlet  : Completed initialization in 1 ms
2026-06-18T00:20:17.869+03:00  INFO 4380 --- [loyalty-service] [           main] b.g.loyalty.web.LoyaltyControllerTest    : Started LoyaltyControllerTest in 2.096 seconds (process running for 3.095)
]]></system-out>
  </testcase>
  <testcase name="getAccount_returnsBalanceAndTier" classname="bg.greencom.loyalty.web.LoyaltyControllerTest" time="0.009"/>
  <testcase name="earn_addsPoints" classname="bg.greencom.loyalty.web.LoyaltyControllerTest" time="0.009"/>
  <testcase name="earn_rejectsNonPositivePoints" classname="bg.greencom.loyalty.web.LoyaltyControllerTest" time="0.017">
    <system-out><![CDATA[2026-06-18T00:20:18.192+03:00  WARN 4380 --- [loyalty-service] [           main] .w.s.m.s.DefaultHandlerExceptionResolver : Resolved [org.springframework.web.bind.MethodArgumentNotValidException: Validation failed for argument [1] in public org.springframework.http.ResponseEntity<bg.greencom.loyalty.dto.LoyaltyResponse> bg.greencom.loyalty.web.LoyaltyController.earn(java.lang.String,bg.greencom.loyalty.dto.EarnRequest): [Field error in object 'earnRequest' on field 'points': rejected value [0]; codes [Positive.earnRequest.points,Positive.points,Positive.int,Positive]; arguments [org.springframework.context.support.DefaultMessageSourceResolvable: codes [earnRequest.points,points]; arguments []; default message [points]]; default message [Points to earn must be positive.]] ]
]]></system-out>
  </testcase>
</testsuite>